C:\Users\mlise\source\repos\Wycieczka\Wycieczka\WycieczkaAng\dist\out-tsc\e2e\src\app.po.js
C:\Users\mlise\source\repos\Wycieczka\Wycieczka\WycieczkaAng\dist\out-tsc\e2e\src\app.po.js.map
C:\Users\mlise\source\repos\Wycieczka\Wycieczka\WycieczkaAng\dist\out-tsc\e2e\src\app.e2e-spec.js
C:\Users\mlise\source\repos\Wycieczka\Wycieczka\WycieczkaAng\dist\out-tsc\e2e\src\app.e2e-spec.js.map
C:\Users\mlise\source\repos\Wycieczka\Wycieczka\WycieczkaAng\dist\out-tsc\src\app\interface2\cos2.js
C:\Users\mlise\source\repos\Wycieczka\Wycieczka\WycieczkaAng\dist\out-tsc\src\app\interface2\cos2.js.map
C:\Users\mlise\source\repos\Wycieczka\Wycieczka\WycieczkaAng\dist\out-tsc\src\app\interface\cos.js
C:\Users\mlise\source\repos\Wycieczka\Wycieczka\WycieczkaAng\dist\out-tsc\src\app\interface\cos.js.map
C:\Users\mlise\source\repos\Wycieczka\Wycieczka\WycieczkaAng\dist\out-tsc\src\app\services\http.service.js
C:\Users\mlise\source\repos\Wycieczka\Wycieczka\WycieczkaAng\dist\out-tsc\src\app\services\http.service.js.map
C:\Users\mlise\source\repos\Wycieczka\Wycieczka\WycieczkaAng\dist\out-tsc\src\app\lista-wycieczek\lista-wycieczek.component.js
C:\Users\mlise\source\repos\Wycieczka\Wycieczka\WycieczkaAng\dist\out-tsc\src\app\lista-wycieczek\lista-wycieczek.component.js.map
C:\Users\mlise\source\repos\Wycieczka\Wycieczka\WycieczkaAng\dist\out-tsc\src\app\nowa-wycieczka\nowa-wycieczka.component.js
C:\Users\mlise\source\repos\Wycieczka\Wycieczka\WycieczkaAng\dist\out-tsc\src\app\nowa-wycieczka\nowa-wycieczka.component.js.map
C:\Users\mlise\source\repos\Wycieczka\Wycieczka\WycieczkaAng\dist\out-tsc\src\app\app-routing.module.js
C:\Users\mlise\source\repos\Wycieczka\Wycieczka\WycieczkaAng\dist\out-tsc\src\app\app-routing.module.js.map
C:\Users\mlise\source\repos\Wycieczka\Wycieczka\WycieczkaAng\dist\out-tsc\src\app\app.component.js
C:\Users\mlise\source\repos\Wycieczka\Wycieczka\WycieczkaAng\dist\out-tsc\src\app\app.component.js.map
C:\Users\mlise\source\repos\Wycieczka\Wycieczka\WycieczkaAng\dist\out-tsc\src\app\app.module.js
C:\Users\mlise\source\repos\Wycieczka\Wycieczka\WycieczkaAng\dist\out-tsc\src\app\app.module.js.map
C:\Users\mlise\source\repos\Wycieczka\Wycieczka\WycieczkaAng\dist\out-tsc\src\environments\environment.js
C:\Users\mlise\source\repos\Wycieczka\Wycieczka\WycieczkaAng\dist\out-tsc\src\environments\environment.js.map
C:\Users\mlise\source\repos\Wycieczka\Wycieczka\WycieczkaAng\dist\out-tsc\src\main.js
C:\Users\mlise\source\repos\Wycieczka\Wycieczka\WycieczkaAng\dist\out-tsc\src\main.js.map
C:\Users\mlise\source\repos\Wycieczka\Wycieczka\WycieczkaAng\dist\out-tsc\src\polyfills.js
C:\Users\mlise\source\repos\Wycieczka\Wycieczka\WycieczkaAng\dist\out-tsc\src\polyfills.js.map
C:\Users\mlise\source\repos\Wycieczka\Wycieczka\WycieczkaAng\dist\out-tsc\src\test.js
C:\Users\mlise\source\repos\Wycieczka\Wycieczka\WycieczkaAng\dist\out-tsc\src\test.js.map
C:\Users\mlise\source\repos\Wycieczka\Wycieczka\WycieczkaAng\dist\out-tsc\src\app\app.component.spec.js
C:\Users\mlise\source\repos\Wycieczka\Wycieczka\WycieczkaAng\dist\out-tsc\src\app\app.component.spec.js.map
C:\Users\mlise\source\repos\Wycieczka\Wycieczka\WycieczkaAng\dist\out-tsc\src\environments\environment.prod.js
C:\Users\mlise\source\repos\Wycieczka\Wycieczka\WycieczkaAng\dist\out-tsc\src\environments\environment.prod.js.map
